

Microchip MPLAB XC8 Assembler V2.20 build 20200408173844 
                                                                                               Wed Dec 30 19:40:35 2020

Microchip MPLAB XC8 C Compiler v2.20 (Free license) build 20200408173844 Og1 
     1                           	processor	18F4550
     2                           	fnconf	rparam,??,?,0
     3                           	pagewidth 120
     4                           	opt	flic
     5                           	psect	cinit,global,reloc=2,class=CODE,delta=1
     6                           	psect	cstackCOMRAM,global,class=COMRAM,space=1,delta=1,lowdata,noexec
     7                           	psect	text0,global,reloc=2,class=CODE,delta=1
     8                           	psect	text1,global,reloc=2,class=CODE,delta=1
     9                           	psect	text2,global,reloc=2,class=CODE,delta=1
    10                           	psect	intsave_regs,global,class=BIGRAM,space=1,delta=1,noexec
    11                           	psect	rparam,global,class=COMRAM,space=1,delta=1,noexec
    12                           	psect	idloc,global,abs,ovrld,class=IDLOC,space=5,delta=1,noexec
    13                           	psect	config,global,abs,ovrld,class=CONFIG,space=4,delta=1,noexec
    14  0000                     
    15                           ; Version 2.20
    16                           ; Generated 12/02/2020 GMT
    17                           ; 
    18                           ; Copyright © 2020, Microchip Technology Inc. and its subsidiaries ("Microchip")
    19                           ; All rights reserved.
    20                           ; 
    21                           ; This software is developed by Microchip Technology Inc. and its subsidiaries ("Microch
      +                          ip").
    22                           ; 
    23                           ; Redistribution and use in source and binary forms, with or without modification, are
    24                           ; permitted provided that the following conditions are met:
    25                           ; 
    26                           ;     1. Redistributions of source code must retain the above copyright notice, this lis
      +                          t of
    27                           ;        conditions and the following disclaimer.
    28                           ; 
    29                           ;     2. Redistributions in binary form must reproduce the above copyright notice, this 
      +                          list
    30                           ;        of conditions and the following disclaimer in the documentation and/or other
    31                           ;        materials provided with the distribution.
    32                           ; 
    33                           ;     3. Microchip's name may not be used to endorse or promote products derived from th
      +                          is
    34                           ;        software without specific prior written permission.
    35                           ; 
    36                           ; THIS SOFTWARE IS PROVIDED BY MICROCHIP "AS IS" AND ANY EXPRESS OR IMPLIED WARRANTIES,
    37                           ; INCLUDING, BUT NOT LIMITED TO, THE IMPLIED WARRANTIES OF MERCHANTABILITY AND FITNESS F
      +                          OR
    38                           ; PURPOSE ARE DISCLAIMED.  IN NO EVENT SHALL MICROCHIP BE LIABLE FOR ANY DIRECT, INDIREC
      +                          T,
    39                           ; INCIDENTAL, SPECIAL, EXEMPLARY, OR CONSEQUENTIAL DAMAGES (INCLUDING BUT NOT LIMITED TO
    40                           ; PROCUREMENT OF SUBSTITUTE GOODS OR SERVICES; LOSS OF USE, DATA OR PROFITS; OR BUSINESS
    41                           ; INTERRUPTION) HOWSOEVER CAUSED AND ON ANY THEORY OF LIABILITY, WHETHER IN CONTRACT, ST
      +                          RICT
    42                           ; LIABILITY, OR TORT (INCLUDING NEGLIGENCE OR OTHERWISE) ARISING IN ANY WAY OUT OF THE U
      +                          SE OF
    43                           ; THIS SOFTWARE, EVEN IF ADVISED OF THE POSSIBILITY OF SUCH DAMAGE.
    44                           ; 
    45                           ; 
    46                           ; Code-generator required, PIC18F4550 Definitions
    47                           ; 
    48                           ; SFR Addresses
    49  0000                     _EECON2	set	4007
    50  0000                     _EECON1bits	set	4006
    51  0000                     _EEDATA	set	4008
    52  0000                     _EEADR	set	4009
    53  0000                     _LATD	set	3980
    54  0000                     _TRISD	set	3989
    55                           
    56                           ; #config settings
    57                           
    58                           	psect	cinit
    59  007F72                     __pcinit:
    60                           	callstack 0
    61  007F72                     start_initialization:
    62                           	callstack 0
    63  007F72                     __initialization:
    64                           	callstack 0
    65  007F72                     end_of_initialization:
    66                           	callstack 0
    67  007F72                     __end_of__initialization:
    68                           	callstack 0
    69  007F72  0100               	movlb	0
    70  007F74  EFDA  F03F         	goto	_main	;jump to C main() function
    71                           
    72                           	psect	cstackCOMRAM
    73  000001                     __pcstackCOMRAM:
    74                           	callstack 0
    75  000001                     EEPROM_Write@dato:
    76                           	callstack 0
    77  000001                     EEPROM_Read@dir:
    78                           	callstack 0
    79                           
    80                           ; 1 bytes @ 0x0
    81  000001                     	ds	1
    82  000002                     EEPROM_Write@dir:
    83                           	callstack 0
    84                           
    85                           ; 1 bytes @ 0x1
    86  000002                     	ds	1
    87  000003                     ??_main:
    88                           
    89                           ; 1 bytes @ 0x2
    90  000003                     	ds	2
    91                           
    92 ;;
    93 ;;Main: autosize = 0, tempsize = 2, incstack = 0, save=0
    94 ;;
    95 ;; *************** function _main *****************
    96 ;; Defined at:
    97 ;;		line 13 in file "Programa_principal.c"
    98 ;; Parameters:    Size  Location     Type
    99 ;;		None
   100 ;; Auto vars:     Size  Location     Type
   101 ;;		None
   102 ;; Return value:  Size  Location     Type
   103 ;;                  1    wreg      void 
   104 ;; Registers used:
   105 ;;		wreg, status,2, cstack
   106 ;; Tracked objects:
   107 ;;		On entry : 0/0
   108 ;;		On exit  : 0/0
   109 ;;		Unchanged: 0/0
   110 ;; Data sizes:     COMRAM   BANK0   BANK1   BANK2   BANK3   BANK4   BANK5   BANK6   BANK7
   111 ;;      Params:         0       0       0       0       0       0       0       0       0
   112 ;;      Locals:         0       0       0       0       0       0       0       0       0
   113 ;;      Temps:          2       0       0       0       0       0       0       0       0
   114 ;;      Totals:         2       0       0       0       0       0       0       0       0
   115 ;;Total ram usage:        2 bytes
   116 ;; Hardware stack levels required when called:    1
   117 ;; This function calls:
   118 ;;		_EEPROM_Read
   119 ;;		_EEPROM_Write
   120 ;; This function is called by:
   121 ;;		Startup code after reset
   122 ;; This function uses a non-reentrant model
   123 ;;
   124                           
   125                           	psect	text0
   126  007FB4                     __ptext0:
   127                           	callstack 0
   128  007FB4                     _main:
   129                           	callstack 30
   130  007FB4                     
   131                           ;Programa_principal.c: 14:     TRISD = 0x00;
   132  007FB4  0E00               	movlw	0
   133  007FB6  6E95               	movwf	149,c	;volatile
   134                           
   135                           ;Programa_principal.c: 15:     LATD = 0x00;
   136  007FB8  0E00               	movlw	0
   137  007FBA  6E8C               	movwf	140,c	;volatile
   138  007FBC                     
   139                           ;Programa_principal.c: 16:     EEPROM_Write(0xFF,0xFF);
   140  007FBC  0EFF               	movlw	255
   141  007FBE  6E01               	movwf	EEPROM_Write@dato^0,c
   142  007FC0  0EFF               	movlw	255
   143  007FC2  ECC4  F03F         	call	_EEPROM_Write
   144  007FC6                     
   145                           ;Programa_principal.c: 17:     LATD = EEPROM_Read(255);
   146  007FC6  0EFF               	movlw	255
   147  007FC8  ECBC  F03F         	call	_EEPROM_Read
   148  007FCC  6E8C               	movwf	140,c	;volatile
   149  007FCE                     
   150                           ;Programa_principal.c: 18:     _delay((unsigned long)((500)*(20000000UL/4000.0)));
   151  007FCE  0E0D               	movlw	13
   152  007FD0  6E04               	movwf	(??_main+1)^0,c
   153  007FD2  0EAF               	movlw	175
   154  007FD4  6E03               	movwf	??_main^0,c
   155  007FD6  0EB6               	movlw	182
   156  007FD8                     u37:
   157  007FD8  2EE8               	decfsz	wreg,f,c
   158  007FDA  D7FE               	bra	u37
   159  007FDC  2E03               	decfsz	??_main^0,f,c
   160  007FDE  D7FC               	bra	u37
   161  007FE0  2E04               	decfsz	(??_main+1)^0,f,c
   162  007FE2  D7FA               	bra	u37
   163  007FE4  D000               	nop2	
   164  007FE6                     
   165                           ;Programa_principal.c: 19:     EEPROM_Write(0xFF,0x00);
   166  007FE6  0E00               	movlw	0
   167  007FE8  6E01               	movwf	EEPROM_Write@dato^0,c
   168  007FEA  0EFF               	movlw	255
   169  007FEC  ECC4  F03F         	call	_EEPROM_Write
   170  007FF0                     
   171                           ;Programa_principal.c: 20:     LATD = EEPROM_Read(255);
   172  007FF0  0EFF               	movlw	255
   173  007FF2  ECBC  F03F         	call	_EEPROM_Read
   174  007FF6  6E8C               	movwf	140,c	;volatile
   175  007FF8                     l15:
   176  007FF8  EFFC  F03F         	goto	l15
   177  007FFC  EF00  F000         	goto	start
   178  008000                     __end_of_main:
   179                           	callstack 0
   180                           
   181 ;; *************** function _EEPROM_Write *****************
   182 ;; Defined at:
   183 ;;		line 6 in file "EEPROM_Libreria.c"
   184 ;; Parameters:    Size  Location     Type
   185 ;;  dir             1    wreg     unsigned char 
   186 ;;  dato            1    0[COMRAM] unsigned char 
   187 ;; Auto vars:     Size  Location     Type
   188 ;;  dir             1    1[COMRAM] unsigned char 
   189 ;; Return value:  Size  Location     Type
   190 ;;                  1    wreg      void 
   191 ;; Registers used:
   192 ;;		wreg, status,2
   193 ;; Tracked objects:
   194 ;;		On entry : 0/0
   195 ;;		On exit  : 0/0
   196 ;;		Unchanged: 0/0
   197 ;; Data sizes:     COMRAM   BANK0   BANK1   BANK2   BANK3   BANK4   BANK5   BANK6   BANK7
   198 ;;      Params:         1       0       0       0       0       0       0       0       0
   199 ;;      Locals:         1       0       0       0       0       0       0       0       0
   200 ;;      Temps:          0       0       0       0       0       0       0       0       0
   201 ;;      Totals:         2       0       0       0       0       0       0       0       0
   202 ;;Total ram usage:        2 bytes
   203 ;; Hardware stack levels used:    1
   204 ;; This function calls:
   205 ;;		Nothing
   206 ;; This function is called by:
   207 ;;		_main
   208 ;; This function uses a non-reentrant model
   209 ;;
   210                           
   211                           	psect	text1
   212  007F88                     __ptext1:
   213                           	callstack 0
   214  007F88                     _EEPROM_Write:
   215                           	callstack 30
   216                           
   217                           ;incstack = 0
   218                           ;EEPROM_Write@dir stored from wreg
   219  007F88  6E02               	movwf	EEPROM_Write@dir^0,c
   220  007F8A                     
   221                           ;EEPROM_Libreria.c: 7:     EEADR = dir;
   222  007F8A  C002  FFA9         	movff	EEPROM_Write@dir,4009	;volatile
   223  007F8E                     
   224                           ;EEPROM_Libreria.c: 8:     EEDATA = dato;
   225  007F8E  C001  FFA8         	movff	EEPROM_Write@dato,4008	;volatile
   226  007F92                     
   227                           ;EEPROM_Libreria.c: 9:     EECON1bits.CFGS = 0;
   228  007F92  9CA6               	bcf	166,6,c	;volsfr
   229  007F94                     
   230                           ;EEPROM_Libreria.c: 10:     EECON1bits.EEPGD = 0;
   231  007F94  9EA6               	bcf	166,7,c	;volsfr
   232  007F96                     
   233                           ;EEPROM_Libreria.c: 11:     EECON1bits.WREN = 1;
   234  007F96  84A6               	bsf	166,2,c	;volsfr
   235  007F98                     
   236                           ;EEPROM_Libreria.c: 12:     EECON2 = 0x55;
   237  007F98  0E55               	movlw	85
   238  007F9A  6EA7               	movwf	167,c	;volsfr
   239  007F9C                     
   240                           ;EEPROM_Libreria.c: 13:     EECON2 = 0xAA;
   241  007F9C  0EAA               	movlw	170
   242  007F9E  6EA7               	movwf	167,c	;volsfr
   243  007FA0                     
   244                           ;EEPROM_Libreria.c: 14:     EECON1bits.WR = 1;
   245  007FA0  82A6               	bsf	166,1,c	;volsfr
   246  007FA2                     l29:
   247  007FA2  B2A6               	btfsc	166,1,c	;volsfr
   248  007FA4  EFD6  F03F         	goto	u21
   249  007FA8  EFD8  F03F         	goto	u20
   250  007FAC                     u21:
   251  007FAC  EFD1  F03F         	goto	l29
   252  007FB0                     u20:
   253  007FB0                     
   254                           ;EEPROM_Libreria.c: 16:     EECON1bits.WREN = 0;
   255  007FB0  94A6               	bcf	166,2,c	;volsfr
   256  007FB2  0012               	return		;funcret
   257  007FB4                     __end_of_EEPROM_Write:
   258                           	callstack 0
   259                           
   260 ;; *************** function _EEPROM_Read *****************
   261 ;; Defined at:
   262 ;;		line 20 in file "EEPROM_Libreria.c"
   263 ;; Parameters:    Size  Location     Type
   264 ;;  dir             1    wreg     unsigned char 
   265 ;; Auto vars:     Size  Location     Type
   266 ;;  dir             1    0[COMRAM] unsigned char 
   267 ;; Return value:  Size  Location     Type
   268 ;;                  1    wreg      unsigned char 
   269 ;; Registers used:
   270 ;;		wreg, status,2
   271 ;; Tracked objects:
   272 ;;		On entry : 0/0
   273 ;;		On exit  : 0/0
   274 ;;		Unchanged: 0/0
   275 ;; Data sizes:     COMRAM   BANK0   BANK1   BANK2   BANK3   BANK4   BANK5   BANK6   BANK7
   276 ;;      Params:         0       0       0       0       0       0       0       0       0
   277 ;;      Locals:         1       0       0       0       0       0       0       0       0
   278 ;;      Temps:          0       0       0       0       0       0       0       0       0
   279 ;;      Totals:         1       0       0       0       0       0       0       0       0
   280 ;;Total ram usage:        1 bytes
   281 ;; Hardware stack levels used:    1
   282 ;; This function calls:
   283 ;;		Nothing
   284 ;; This function is called by:
   285 ;;		_main
   286 ;; This function uses a non-reentrant model
   287 ;;
   288                           
   289                           	psect	text2
   290  007F78                     __ptext2:
   291                           	callstack 0
   292  007F78                     _EEPROM_Read:
   293                           	callstack 30
   294                           
   295                           ;incstack = 0
   296                           ;EEPROM_Read@dir stored from wreg
   297  007F78  6E01               	movwf	EEPROM_Read@dir^0,c
   298  007F7A                     
   299                           ;EEPROM_Libreria.c: 21:     EEADR = dir;
   300  007F7A  C001  FFA9         	movff	EEPROM_Read@dir,4009	;volatile
   301  007F7E                     
   302                           ;EEPROM_Libreria.c: 22:     EECON1bits.CFGS = 0;
   303  007F7E  9CA6               	bcf	166,6,c	;volsfr
   304  007F80                     
   305                           ;EEPROM_Libreria.c: 23:     EECON1bits.EEPGD = 0;
   306  007F80  9EA6               	bcf	166,7,c	;volsfr
   307  007F82                     
   308                           ;EEPROM_Libreria.c: 24:     EECON1bits.RD = 1;
   309  007F82  80A6               	bsf	166,0,c	;volsfr
   310  007F84                     
   311                           ;EEPROM_Libreria.c: 25:     return EEDATA;
   312  007F84  50A8               	movf	168,w,c	;volatile
   313  007F86  0012               	return		;funcret
   314  007F88                     __end_of_EEPROM_Read:
   315                           	callstack 0
   316  0000                     
   317                           	psect	rparam
   318  0000                     
   319                           	psect	idloc
   320                           
   321                           ;Config register IDLOC0 @ 0x200000
   322                           ;	unspecified, using default values
   323  200000                     	org	2097152
   324  200000  FF                 	db	255
   325                           
   326                           ;Config register IDLOC1 @ 0x200001
   327                           ;	unspecified, using default values
   328  200001                     	org	2097153
   329  200001  FF                 	db	255
   330                           
   331                           ;Config register IDLOC2 @ 0x200002
   332                           ;	unspecified, using default values
   333  200002                     	org	2097154
   334  200002  FF                 	db	255
   335                           
   336                           ;Config register IDLOC3 @ 0x200003
   337                           ;	unspecified, using default values
   338  200003                     	org	2097155
   339  200003  FF                 	db	255
   340                           
   341                           ;Config register IDLOC4 @ 0x200004
   342                           ;	unspecified, using default values
   343  200004                     	org	2097156
   344  200004  FF                 	db	255
   345                           
   346                           ;Config register IDLOC5 @ 0x200005
   347                           ;	unspecified, using default values
   348  200005                     	org	2097157
   349  200005  FF                 	db	255
   350                           
   351                           ;Config register IDLOC6 @ 0x200006
   352                           ;	unspecified, using default values
   353  200006                     	org	2097158
   354  200006  FF                 	db	255
   355                           
   356                           ;Config register IDLOC7 @ 0x200007
   357                           ;	unspecified, using default values
   358  200007                     	org	2097159
   359  200007  FF                 	db	255
   360                           
   361                           	psect	config
   362                           
   363                           ;Config register CONFIG1L @ 0x300000
   364                           ;	PLL Prescaler Selection bits
   365                           ;	PLLDIV = 1, No prescale (4 MHz oscillator input drives PLL directly)
   366                           ;	System Clock Postscaler Selection bits
   367                           ;	CPUDIV = OSC1_PLL2, [Primary Oscillator Src: /1][96 MHz PLL Src: /2]
   368                           ;	USB Clock Selection bit (used in Full-Speed USB mode only; UCFG:FSEN = 1)
   369                           ;	USBDIV = 1, USB clock source comes directly from the primary oscillator block with no 
      +                          postscale
   370  300000                     	org	3145728
   371  300000  00                 	db	0
   372                           
   373                           ;Config register CONFIG1H @ 0x300001
   374                           ;	Oscillator Selection bits
   375                           ;	FOSC = HS, HS oscillator (HS)
   376                           ;	Fail-Safe Clock Monitor Enable bit
   377                           ;	FCMEN = OFF, Fail-Safe Clock Monitor disabled
   378                           ;	Internal/External Oscillator Switchover bit
   379                           ;	IESO = OFF, Oscillator Switchover mode disabled
   380  300001                     	org	3145729
   381  300001  0C                 	db	12
   382                           
   383                           ;Config register CONFIG2L @ 0x300002
   384                           ;	Power-up Timer Enable bit
   385                           ;	PWRT = ON, PWRT enabled
   386                           ;	Brown-out Reset Enable bits
   387                           ;	BOR = OFF, Brown-out Reset disabled in hardware and software
   388                           ;	Brown-out Reset Voltage bits
   389                           ;	BORV = 3, Minimum setting 2.05V
   390                           ;	USB Voltage Regulator Enable bit
   391                           ;	VREGEN = OFF, USB voltage regulator disabled
   392  300002                     	org	3145730
   393  300002  18                 	db	24
   394                           
   395                           ;Config register CONFIG2H @ 0x300003
   396                           ;	Watchdog Timer Enable bit
   397                           ;	WDT = OFF, WDT disabled (control is placed on the SWDTEN bit)
   398                           ;	Watchdog Timer Postscale Select bits
   399                           ;	WDTPS = 32768, 1:32768
   400  300003                     	org	3145731
   401  300003  1E                 	db	30
   402                           
   403                           ; Padding undefined space
   404  300004                     	org	3145732
   405  300004  FF                 	db	255
   406                           
   407                           ;Config register CONFIG3H @ 0x300005
   408                           ;	CCP2 MUX bit
   409                           ;	CCP2MX = ON, CCP2 input/output is multiplexed with RC1
   410                           ;	PORTB A/D Enable bit
   411                           ;	PBADEN = OFF, PORTB<4:0> pins are configured as digital I/O on Reset
   412                           ;	Low-Power Timer 1 Oscillator Enable bit
   413                           ;	LPT1OSC = OFF, Timer1 configured for higher power operation
   414                           ;	MCLR Pin Enable bit
   415                           ;	MCLRE = ON, MCLR pin enabled; RE3 input pin disabled
   416  300005                     	org	3145733
   417  300005  81                 	db	129
   418                           
   419                           ;Config register CONFIG4L @ 0x300006
   420                           ;	Stack Full/Underflow Reset Enable bit
   421                           ;	STVREN = OFF, Stack full/underflow will not cause Reset
   422                           ;	Single-Supply ICSP Enable bit
   423                           ;	LVP = OFF, Single-Supply ICSP disabled
   424                           ;	Dedicated In-Circuit Debug/Programming Port (ICPORT) Enable bit
   425                           ;	ICPRT = OFF, ICPORT disabled
   426                           ;	Extended Instruction Set Enable bit
   427                           ;	XINST = OFF, Instruction set extension and Indexed Addressing mode disabled (Legacy mo
      +                          de)
   428                           ;	Background Debugger Enable bit
   429                           ;	DEBUG = 0x1, unprogrammed default
   430  300006                     	org	3145734
   431  300006  80                 	db	128
   432                           
   433                           ; Padding undefined space
   434  300007                     	org	3145735
   435  300007  FF                 	db	255
   436                           
   437                           ;Config register CONFIG5L @ 0x300008
   438                           ;	Code Protection bit
   439                           ;	CP0 = OFF, Block 0 (000800-001FFFh) is not code-protected
   440                           ;	Code Protection bit
   441                           ;	CP1 = OFF, Block 1 (002000-003FFFh) is not code-protected
   442                           ;	Code Protection bit
   443                           ;	CP2 = OFF, Block 2 (004000-005FFFh) is not code-protected
   444                           ;	Code Protection bit
   445                           ;	CP3 = OFF, Block 3 (006000-007FFFh) is not code-protected
   446  300008                     	org	3145736
   447  300008  0F                 	db	15
   448                           
   449                           ;Config register CONFIG5H @ 0x300009
   450                           ;	Boot Block Code Protection bit
   451                           ;	CPB = OFF, Boot block (000000-0007FFh) is not code-protected
   452                           ;	Data EEPROM Code Protection bit
   453                           ;	CPD = OFF, Data EEPROM is not code-protected
   454  300009                     	org	3145737
   455  300009  C0                 	db	192
   456                           
   457                           ;Config register CONFIG6L @ 0x30000A
   458                           ;	Write Protection bit
   459                           ;	WRT0 = OFF, Block 0 (000800-001FFFh) is not write-protected
   460                           ;	Write Protection bit
   461                           ;	WRT1 = OFF, Block 1 (002000-003FFFh) is not write-protected
   462                           ;	Write Protection bit
   463                           ;	WRT2 = OFF, Block 2 (004000-005FFFh) is not write-protected
   464                           ;	Write Protection bit
   465                           ;	WRT3 = OFF, Block 3 (006000-007FFFh) is not write-protected
   466  30000A                     	org	3145738
   467  30000A  0F                 	db	15
   468                           
   469                           ;Config register CONFIG6H @ 0x30000B
   470                           ;	Configuration Register Write Protection bit
   471                           ;	WRTC = OFF, Configuration registers (300000-3000FFh) are not write-protected
   472                           ;	Boot Block Write Protection bit
   473                           ;	WRTB = OFF, Boot block (000000-0007FFh) is not write-protected
   474                           ;	Data EEPROM Write Protection bit
   475                           ;	WRTD = OFF, Data EEPROM is not write-protected
   476  30000B                     	org	3145739
   477  30000B  E0                 	db	224
   478                           
   479                           ;Config register CONFIG7L @ 0x30000C
   480                           ;	Table Read Protection bit
   481                           ;	EBTR0 = OFF, Block 0 (000800-001FFFh) is not protected from table reads executed in ot
      +                          her blocks
   482                           ;	Table Read Protection bit
   483                           ;	EBTR1 = OFF, Block 1 (002000-003FFFh) is not protected from table reads executed in ot
      +                          her blocks
   484                           ;	Table Read Protection bit
   485                           ;	EBTR2 = OFF, Block 2 (004000-005FFFh) is not protected from table reads executed in ot
      +                          her blocks
   486                           ;	Table Read Protection bit
   487                           ;	EBTR3 = OFF, Block 3 (006000-007FFFh) is not protected from table reads executed in ot
      +                          her blocks
   488  30000C                     	org	3145740
   489  30000C  0F                 	db	15
   490                           
   491                           ;Config register CONFIG7H @ 0x30000D
   492                           ;	Boot Block Table Read Protection bit
   493                           ;	EBTRB = OFF, Boot block (000000-0007FFh) is not protected from table reads executed in
      +                           other blocks
   494  30000D                     	org	3145741
   495  30000D  40                 	db	64
   496                           tosu	equ	0xFFF
   497                           tosh	equ	0xFFE
   498                           tosl	equ	0xFFD
   499                           stkptr	equ	0xFFC
   500                           pclatu	equ	0xFFB
   501                           pclath	equ	0xFFA
   502                           pcl	equ	0xFF9
   503                           tblptru	equ	0xFF8
   504                           tblptrh	equ	0xFF7
   505                           tblptrl	equ	0xFF6
   506                           tablat	equ	0xFF5
   507                           prodh	equ	0xFF4
   508                           prodl	equ	0xFF3
   509                           indf0	equ	0xFEF
   510                           postinc0	equ	0xFEE
   511                           postdec0	equ	0xFED
   512                           preinc0	equ	0xFEC
   513                           plusw0	equ	0xFEB
   514                           fsr0h	equ	0xFEA
   515                           fsr0l	equ	0xFE9
   516                           wreg	equ	0xFE8
   517                           indf1	equ	0xFE7
   518                           postinc1	equ	0xFE6
   519                           postdec1	equ	0xFE5
   520                           preinc1	equ	0xFE4
   521                           plusw1	equ	0xFE3
   522                           fsr1h	equ	0xFE2
   523                           fsr1l	equ	0xFE1
   524                           bsr	equ	0xFE0
   525                           indf2	equ	0xFDF
   526                           postinc2	equ	0xFDE
   527                           postdec2	equ	0xFDD
   528                           preinc2	equ	0xFDC
   529                           plusw2	equ	0xFDB
   530                           fsr2h	equ	0xFDA
   531                           fsr2l	equ	0xFD9
   532                           status	equ	0xFD8

Data Sizes:
    Strings     0
    Constant    0
    Data        0
    BSS         0
    Persistent  0
    Stack       0

Auto Spaces:
    Space          Size  Autos    Used
    COMRAM           95      4       4
    BANK0           160      0       0
    BANK1           256      0       0
    BANK2           256      0       0
    BANK3           256      0       0
    BANK4           256      0       0
    BANK5           256      0       0
    BANK6           256      0       0
    BANK7           256      0       0

Pointer List with Targets:

    None.

Critical Paths under _main in COMRAM

    _main->_EEPROM_Write

Critical Paths under _main in BANK0

    None.

Critical Paths under _main in BANK1

    None.

Critical Paths under _main in BANK2

    None.

Critical Paths under _main in BANK3

    None.

Critical Paths under _main in BANK4

    None.

Critical Paths under _main in BANK5

    None.

Critical Paths under _main in BANK6

    None.

Critical Paths under _main in BANK7

    None.

Call Graph Tables:

 ---------------------------------------------------------------------------------
 (Depth) Function   	        Calls       Base Space   Used Autos Params    Refs
 ---------------------------------------------------------------------------------
 (0) _main                                                 2     2      0     211
                                              2 COMRAM     2     2      0
                        _EEPROM_Read
                       _EEPROM_Write
 ---------------------------------------------------------------------------------
 (1) _EEPROM_Write                                         2     1      1     196
                                              0 COMRAM     2     1      1
 ---------------------------------------------------------------------------------
 (1) _EEPROM_Read                                          1     1      0      15
                                              0 COMRAM     1     1      0
 ---------------------------------------------------------------------------------
 Estimated maximum stack depth 1
 ---------------------------------------------------------------------------------

 Call Graph Graphs:

 _main (ROOT)
   _EEPROM_Read
   _EEPROM_Write

 Address spaces:
Name               Size   Autos  Total    Cost      Usage
BITCOMRAM           5F      0       0       0        0.0%
EEDATA             100      0       0       0        0.0%
NULL                 0      0       0       0        0.0%
CODE                 0      0       0       0        0.0%
COMRAM              5F      4       4       1        4.2%
STACK                0      0       0       2        0.0%
DATA                 0      0       0       3        0.0%
BITBANK0            A0      0       0       4        0.0%
BANK0               A0      0       0       5        0.0%
BITBANK1           100      0       0       6        0.0%
BANK1              100      0       0       7        0.0%
BITBANK2           100      0       0       8        0.0%
BANK2              100      0       0       9        0.0%
BITBANK3           100      0       0      10        0.0%
BANK3              100      0       0      11        0.0%
BITBANK4           100      0       0      12        0.0%
BANK4              100      0       0      13        0.0%
BITBANK5           100      0       0      14        0.0%
BANK5              100      0       0      15        0.0%
BITBANK6           100      0       0      16        0.0%
BANK6              100      0       0      17        0.0%
BITBANK7           100      0       0      18        0.0%
BANK7              100      0       0      19        0.0%
ABS                  0      0       0      20        0.0%
BIGRAM             7FF      0       0      21        0.0%
BITSFR               0      0       0     200        0.0%
SFR                  0      0       0     200        0.0%


Microchip Technology PIC18 Macro Assembler V2.20 build 20200408173844 
Symbol Table                                                                                   Wed Dec 30 19:40:35 2020

                     l31 7FB0                       l15 7FF8                       l32 7FB2  
                     l16 7FF8                       l35 7F86                       l29 7FA2  
                     u20 7FB0                       u21 7FAC                       u37 7FD8  
                    l731 7F80                      l733 7F82                      l735 7F84  
                    l727 7F7A                      l751 7F8A                      l729 7F7E  
                    l761 7F98                      l753 7F8E                      l763 7F9C  
                    l755 7F92                      l771 7FC6                      l765 7FA0  
                    l757 7F94                      l773 7FCE                      l759 7F96  
                    l775 7FE6                      l767 7FB4                      l777 7FF0  
                    l769 7FBC                      wreg 000FE8                     _LATD 000F8C  
                   _main 7FB4                     start 0000          EEPROM_Write@dir 0002  
           ___param_bank 000000     __end_of_EEPROM_Write 7FB4                    ?_main 0001  
                  _EEADR 000FA9                    _TRISD 000F95         EEPROM_Write@dato 0001  
   __size_of_EEPROM_Read 0010          __initialization 7F72             __end_of_main 8000  
                 ??_main 0003            __activetblptr 000000                   _EEDATA 000FA8  
                 _EECON2 000FA7               __accesstop 0060  __end_of__initialization 7F72  
          ___rparam_used 000001    __size_of_EEPROM_Write 002C           __pcstackCOMRAM 0001  
           _EEPROM_Write 7F88                  __Hparam 0000                  __Lparam 0000  
                __pcinit 7F72                  __ramtop 0800                  __ptext0 7FB4  
                __ptext1 7F88                  __ptext2 7F78     end_of_initialization 7F72  
          ??_EEPROM_Read 0001      __end_of_EEPROM_Read 7F88      start_initialization 7F72  
            _EEPROM_Read 7F78               _EECON1bits 000FA6                 __Hrparam 0000  
               __Lrparam 0000            ?_EEPROM_Write 0001            __size_of_main 004C  
         ??_EEPROM_Write 0002             ?_EEPROM_Read 0001           EEPROM_Read@dir 0001  
