

Microchip MPLAB XC8 Assembler V2.20 build 20200408173844 
                                                                                               Tue Dec 29 20:43:20 2020

Microchip MPLAB XC8 C Compiler v2.20 (Free license) build 20200408173844 Og1 
     1                           	processor	18F4550
     2                           	fnconf	rparam,??,?,0
     3                           	pagewidth 120
     4                           	opt	flic
     5                           	psect	cinit,global,reloc=2,class=CODE,delta=1
     6                           	psect	bssCOMRAM,global,class=COMRAM,space=1,delta=1,lowdata,noexec
     7                           	psect	cstackCOMRAM,global,class=COMRAM,space=1,delta=1,lowdata,noexec
     8                           	psect	text0,global,reloc=2,class=CODE,delta=1
     9                           	psect	text1,global,reloc=2,class=CODE,delta=1
    10                           	psect	text2,global,reloc=2,class=CODE,delta=1
    11                           	psect	intcodelo,global,reloc=2,class=CODE,delta=1
    12                           	psect	intcode,global,reloc=2,class=CODE,delta=1
    13                           	psect	intcode_body,global,reloc=2,class=CODE,delta=1
    14                           	psect	intsave_regs,global,class=BIGRAM,space=1,delta=1,noexec
    15                           	psect	rparam,global,class=COMRAM,space=1,delta=1,noexec
    16                           	psect	temp,global,ovrld,common,class=COMRAM,space=1,delta=1
    17                           	psect	idloc,global,abs,ovrld,class=IDLOC,space=5,delta=1,noexec
    18                           	psect	config,global,abs,ovrld,class=CONFIG,space=4,delta=1,noexec
    19  0000                     
    20                           ; Version 2.20
    21                           ; Generated 12/02/2020 GMT
    22                           ; 
    23                           ; Copyright © 2020, Microchip Technology Inc. and its subsidiaries ("Microchip")
    24                           ; All rights reserved.
    25                           ; 
    26                           ; This software is developed by Microchip Technology Inc. and its subsidiaries ("Microch
      +                          ip").
    27                           ; 
    28                           ; Redistribution and use in source and binary forms, with or without modification, are
    29                           ; permitted provided that the following conditions are met:
    30                           ; 
    31                           ;     1. Redistributions of source code must retain the above copyright notice, this lis
      +                          t of
    32                           ;        conditions and the following disclaimer.
    33                           ; 
    34                           ;     2. Redistributions in binary form must reproduce the above copyright notice, this 
      +                          list
    35                           ;        of conditions and the following disclaimer in the documentation and/or other
    36                           ;        materials provided with the distribution.
    37                           ; 
    38                           ;     3. Microchip's name may not be used to endorse or promote products derived from th
      +                          is
    39                           ;        software without specific prior written permission.
    40                           ; 
    41                           ; THIS SOFTWARE IS PROVIDED BY MICROCHIP "AS IS" AND ANY EXPRESS OR IMPLIED WARRANTIES,
    42                           ; INCLUDING, BUT NOT LIMITED TO, THE IMPLIED WARRANTIES OF MERCHANTABILITY AND FITNESS F
      +                          OR
    43                           ; PURPOSE ARE DISCLAIMED.  IN NO EVENT SHALL MICROCHIP BE LIABLE FOR ANY DIRECT, INDIREC
      +                          T,
    44                           ; INCIDENTAL, SPECIAL, EXEMPLARY, OR CONSEQUENTIAL DAMAGES (INCLUDING BUT NOT LIMITED TO
    45                           ; PROCUREMENT OF SUBSTITUTE GOODS OR SERVICES; LOSS OF USE, DATA OR PROFITS; OR BUSINESS
    46                           ; INTERRUPTION) HOWSOEVER CAUSED AND ON ANY THEORY OF LIABILITY, WHETHER IN CONTRACT, ST
      +                          RICT
    47                           ; LIABILITY, OR TORT (INCLUDING NEGLIGENCE OR OTHERWISE) ARISING IN ANY WAY OUT OF THE U
      +                          SE OF
    48                           ; THIS SOFTWARE, EVEN IF ADVISED OF THE POSSIBILITY OF SUCH DAMAGE.
    49                           ; 
    50                           ; 
    51                           ; Code-generator required, PIC18F4550 Definitions
    52                           ; 
    53                           ; SFR Addresses
    54  0000                     _INTCON2bits	set	4081
    55  0000                     _T0CONbits	set	4053
    56  0000                     _TMR0L	set	4054
    57  0000                     _LATDbits	set	3980
    58  0000                     _INTCONbits	set	4082
    59  0000                     _RCONbits	set	4048
    60  0000                     _TRISD	set	3989
    61                           
    62                           ; #config settings
    63                           
    64                           	psect	cinit
    65  00009E                     __pcinit:
    66                           	callstack 0
    67  00009E                     start_initialization:
    68                           	callstack 0
    69  00009E                     __initialization:
    70                           	callstack 0
    71                           
    72                           ; Clear objects allocated to COMRAM (1 bytes)
    73  00009E  6A05               	clrf	__pbssCOMRAM& (0+255),c
    74  0000A0                     end_of_initialization:
    75                           	callstack 0
    76  0000A0                     __end_of__initialization:
    77                           	callstack 0
    78  0000A0  9006               	bcf	int$flags,0,c	;clear compiler interrupt flag (level 1)
    79  0000A2  9206               	bcf	int$flags,1,c	;clear compiler interrupt flag (level 2)
    80  0000A4  0100               	movlb	0
    81  0000A6  EF45  F000         	goto	_main	;jump to C main() function
    82                           
    83                           	psect	bssCOMRAM
    84  000005                     __pbssCOMRAM:
    85                           	callstack 0
    86  000005                     _x:
    87                           	callstack 0
    88  000005                     	ds	1
    89                           
    90                           	psect	cstackCOMRAM
    91  000001                     __pcstackCOMRAM:
    92                           	callstack 0
    93  000001                     ??_TMR0_ISR:
    94                           
    95                           ; 1 bytes @ 0x0
    96  000001                     	ds	4
    97  000005                     
    98                           ; 1 bytes @ 0x4
    99 ;;
   100 ;;Main: autosize = 0, tempsize = 0, incstack = 0, save=0
   101 ;;
   102 ;; *************** function _main *****************
   103 ;; Defined at:
   104 ;;		line 14 in file "Programa_principal.c"
   105 ;; Parameters:    Size  Location     Type
   106 ;;		None
   107 ;; Auto vars:     Size  Location     Type
   108 ;;		None
   109 ;; Return value:  Size  Location     Type
   110 ;;                  1    wreg      void 
   111 ;; Registers used:
   112 ;;		wreg, status,2, cstack
   113 ;; Tracked objects:
   114 ;;		On entry : 0/0
   115 ;;		On exit  : 0/0
   116 ;;		Unchanged: 0/0
   117 ;; Data sizes:     COMRAM   BANK0   BANK1   BANK2   BANK3   BANK4   BANK5   BANK6   BANK7
   118 ;;      Params:         0       0       0       0       0       0       0       0       0
   119 ;;      Locals:         0       0       0       0       0       0       0       0       0
   120 ;;      Temps:          0       0       0       0       0       0       0       0       0
   121 ;;      Totals:         0       0       0       0       0       0       0       0       0
   122 ;;Total ram usage:        0 bytes
   123 ;; Hardware stack levels required when called:    3
   124 ;; This function calls:
   125 ;;		_INT_Init
   126 ;;		_Timer0_Init
   127 ;; This function is called by:
   128 ;;		Startup code after reset
   129 ;; This function uses a non-reentrant model
   130 ;;
   131                           
   132                           	psect	text0
   133  00008A                     __ptext0:
   134                           	callstack 0
   135  00008A                     _main:
   136                           	callstack 28
   137  00008A                     
   138                           ;Programa_principal.c: 15:     TRISD = 0x00;
   139  00008A  0E00               	movlw	0
   140  00008C  6E95               	movwf	149,c	;volatile
   141  00008E                     
   142                           ;Programa_principal.c: 16:     Timer0_Init();
   143  00008E  EC39  F000         	call	_Timer0_Init	;wreg free
   144                           
   145                           ;Programa_principal.c: 17:     INT_Init();
   146  000092  EC55  F000         	call	_INT_Init	;wreg free
   147  000096                     l11:
   148  000096  EF4B  F000         	goto	l11
   149  00009A  EF37  F000         	goto	start
   150  00009E                     __end_of_main:
   151                           	callstack 0
   152                           
   153 ;; *************** function _Timer0_Init *****************
   154 ;; Defined at:
   155 ;;		line 7 in file "Timer0_8bit.c"
   156 ;; Parameters:    Size  Location     Type
   157 ;;		None
   158 ;; Auto vars:     Size  Location     Type
   159 ;;		None
   160 ;; Return value:  Size  Location     Type
   161 ;;                  1    wreg      void 
   162 ;; Registers used:
   163 ;;		wreg, status,2
   164 ;; Tracked objects:
   165 ;;		On entry : 0/0
   166 ;;		On exit  : 0/0
   167 ;;		Unchanged: 0/0
   168 ;; Data sizes:     COMRAM   BANK0   BANK1   BANK2   BANK3   BANK4   BANK5   BANK6   BANK7
   169 ;;      Params:         0       0       0       0       0       0       0       0       0
   170 ;;      Locals:         0       0       0       0       0       0       0       0       0
   171 ;;      Temps:          0       0       0       0       0       0       0       0       0
   172 ;;      Totals:         0       0       0       0       0       0       0       0       0
   173 ;;Total ram usage:        0 bytes
   174 ;; Hardware stack levels used:    1
   175 ;; Hardware stack levels required when called:    2
   176 ;; This function calls:
   177 ;;		Nothing
   178 ;; This function is called by:
   179 ;;		_main
   180 ;; This function uses a non-reentrant model
   181 ;;
   182                           
   183                           	psect	text1
   184  000072                     __ptext1:
   185                           	callstack 0
   186  000072                     _Timer0_Init:
   187                           	callstack 28
   188  000072                     
   189                           ;Timer0_8bit.c: 8:     T0CONbits.T0CS = 0;
   190  000072  9AD5               	bcf	213,5,c	;volatile
   191                           
   192                           ;Timer0_8bit.c: 9:     T0CONbits.T08BIT = 1;
   193  000074  8CD5               	bsf	213,6,c	;volatile
   194                           
   195                           ;Timer0_8bit.c: 10:     T0CONbits.PSA = 1;
   196  000076  86D5               	bsf	213,3,c	;volatile
   197  000078                     
   198                           ;Timer0_8bit.c: 11:     T0CONbits.T0PS = 0b111;
   199  000078  0E07               	movlw	7
   200  00007A  12D5               	iorwf	213,f,c	;volatile
   201                           
   202                           ;Timer0_8bit.c: 12:     TMR0L = 235;
   203  00007C  0EEB               	movlw	235
   204  00007E  6ED6               	movwf	214,c	;volatile
   205  000080                     
   206                           ;Timer0_8bit.c: 13:     INTCONbits.TMR0IE = 1;
   207  000080  8AF2               	bsf	242,5,c	;volatile
   208  000082                     
   209                           ;Timer0_8bit.c: 14:     INTCONbits.TMR0IF = 0;
   210  000082  94F2               	bcf	242,2,c	;volatile
   211  000084                     
   212                           ;Timer0_8bit.c: 15:     INTCON2bits.TMR0IP = 0;
   213  000084  94F1               	bcf	241,2,c	;volatile
   214  000086                     
   215                           ;Timer0_8bit.c: 16:     T0CONbits.TMR0ON = 1;
   216  000086  8ED5               	bsf	213,7,c	;volatile
   217  000088  0012               	return		;funcret
   218  00008A                     __end_of_Timer0_Init:
   219                           	callstack 0
   220                           
   221 ;; *************** function _INT_Init *****************
   222 ;; Defined at:
   223 ;;		line 9 in file "Int_Libreria.c"
   224 ;; Parameters:    Size  Location     Type
   225 ;;		None
   226 ;; Auto vars:     Size  Location     Type
   227 ;;		None
   228 ;; Return value:  Size  Location     Type
   229 ;;                  1    wreg      void 
   230 ;; Registers used:
   231 ;;		None
   232 ;; Tracked objects:
   233 ;;		On entry : 0/0
   234 ;;		On exit  : 0/0
   235 ;;		Unchanged: 0/0
   236 ;; Data sizes:     COMRAM   BANK0   BANK1   BANK2   BANK3   BANK4   BANK5   BANK6   BANK7
   237 ;;      Params:         0       0       0       0       0       0       0       0       0
   238 ;;      Locals:         0       0       0       0       0       0       0       0       0
   239 ;;      Temps:          0       0       0       0       0       0       0       0       0
   240 ;;      Totals:         0       0       0       0       0       0       0       0       0
   241 ;;Total ram usage:        0 bytes
   242 ;; Hardware stack levels used:    1
   243 ;; Hardware stack levels required when called:    2
   244 ;; This function calls:
   245 ;;		Nothing
   246 ;; This function is called by:
   247 ;;		_main
   248 ;; This function uses a non-reentrant model
   249 ;;
   250                           
   251                           	psect	text2
   252  0000AA                     __ptext2:
   253                           	callstack 0
   254  0000AA                     _INT_Init:
   255                           	callstack 28
   256  0000AA                     
   257                           ;Int_Libreria.c: 19:     RCONbits.IPEN = 1;
   258  0000AA  8ED0               	bsf	208,7,c	;volatile
   259                           
   260                           ;Int_Libreria.c: 20:     INTCONbits.GIEL = 1;
   261  0000AC  8CF2               	bsf	242,6,c	;volatile
   262                           
   263                           ;Int_Libreria.c: 21:     INTCONbits.GIEH = 1;
   264  0000AE  8EF2               	bsf	242,7,c	;volatile
   265  0000B0  0012               	return		;funcret
   266  0000B2                     __end_of_INT_Init:
   267                           	callstack 0
   268                           
   269 ;; *************** function _TMR0_ISR *****************
   270 ;; Defined at:
   271 ;;		line 28 in file "Int_Libreria.c"
   272 ;; Parameters:    Size  Location     Type
   273 ;;		None
   274 ;; Auto vars:     Size  Location     Type
   275 ;;		None
   276 ;; Return value:  Size  Location     Type
   277 ;;                  1    wreg      void 
   278 ;; Registers used:
   279 ;;		wreg, status,2, status,0
   280 ;; Tracked objects:
   281 ;;		On entry : 0/0
   282 ;;		On exit  : 0/0
   283 ;;		Unchanged: 0/0
   284 ;; Data sizes:     COMRAM   BANK0   BANK1   BANK2   BANK3   BANK4   BANK5   BANK6   BANK7
   285 ;;      Params:         0       0       0       0       0       0       0       0       0
   286 ;;      Locals:         0       0       0       0       0       0       0       0       0
   287 ;;      Temps:          4       0       0       0       0       0       0       0       0
   288 ;;      Totals:         4       0       0       0       0       0       0       0       0
   289 ;;Total ram usage:        4 bytes
   290 ;; Hardware stack levels used:    1
   291 ;; Hardware stack levels required when called:    1
   292 ;; This function calls:
   293 ;;		Nothing
   294 ;; This function is called by:
   295 ;;		Interrupt level 1
   296 ;; This function uses a non-reentrant model
   297 ;;
   298                           
   299                           	psect	intcodelo
   300  000018                     __pintcodelo:
   301                           	callstack 0
   302  000018                     _TMR0_ISR:
   303                           	callstack 28
   304                           
   305                           ;incstack = 0
   306  000018  8006               	bsf	int$flags,0,c	;set compiler interrupt flag (level 1)
   307  00001A  CFD8 F002          	movff	status,??_TMR0_ISR+1
   308  00001E  CFE8 F003          	movff	wreg,??_TMR0_ISR+2
   309  000022  CFE0 F004          	movff	bsr,??_TMR0_ISR+3
   310  000026                     
   311                           ;Int_Libreria.c: 29:     x++;
   312  000026  2A05               	incf	_x^0,f,c
   313  000028                     
   314                           ;Int_Libreria.c: 30:     if(x >= 100){
   315  000028  0E63               	movlw	99
   316  00002A  6405               	cpfsgt	_x^0,c
   317  00002C  EF1A  F000         	goto	i1u1_21
   318  000030  EF1C  F000         	goto	i1u1_20
   319  000034                     i1u1_21:
   320  000034  EF2C  F000         	goto	i1l749
   321  000038                     i1u1_20:
   322  000038                     
   323                           ;Int_Libreria.c: 31:         LATDbits.LATD0 = ~LATDbits.LATD0;
   324  000038  B08C               	btfsc	140,0,c	;volatile
   325  00003A  EF21  F000         	goto	i1u2_21
   326  00003E  EF24  F000         	goto	i1u2_20
   327  000042                     i1u2_21:
   328  000042  0E01               	movlw	1
   329  000044  EF25  F000         	goto	i1u2_26
   330  000048                     i1u2_20:
   331  000048  0E00               	movlw	0
   332  00004A                     i1u2_26:
   333  00004A  0AFF               	xorlw	255
   334  00004C  6E01               	movwf	??_TMR0_ISR^0,c
   335  00004E  508C               	movf	140,w,c	;volatile
   336  000050  1801               	xorwf	??_TMR0_ISR^0,w,c
   337  000052  0BFE               	andlw	-2
   338  000054  1801               	xorwf	??_TMR0_ISR^0,w,c
   339  000056  6E8C               	movwf	140,c	;volatile
   340  000058                     i1l749:
   341                           
   342                           ;Int_Libreria.c: 33:     TMR0L = 235;
   343  000058  0EEB               	movlw	235
   344  00005A  6ED6               	movwf	214,c	;volatile
   345  00005C                     
   346                           ;Int_Libreria.c: 34:     INTCONbits.TMR0IF = 0;
   347  00005C  94F2               	bcf	242,2,c	;volatile
   348  00005E  C004  FFE0         	movff	??_TMR0_ISR+3,bsr
   349  000062  C003  FFE8         	movff	??_TMR0_ISR+2,wreg
   350  000066  C002  FFD8         	movff	??_TMR0_ISR+1,status
   351  00006A  9006               	bcf	int$flags,0,c	;clear compiler interrupt flag (level 1)
   352  00006C  0010               	retfie	
   353  00006E                     __end_of_TMR0_ISR:
   354                           	callstack 0
   355                           
   356 ;; *************** function _INT0_ISR *****************
   357 ;; Defined at:
   358 ;;		line 24 in file "Int_Libreria.c"
   359 ;; Parameters:    Size  Location     Type
   360 ;;		None
   361 ;; Auto vars:     Size  Location     Type
   362 ;;		None
   363 ;; Return value:  Size  Location     Type
   364 ;;                  1    wreg      void 
   365 ;; Registers used:
   366 ;;		None
   367 ;; Tracked objects:
   368 ;;		On entry : 0/0
   369 ;;		On exit  : 0/0
   370 ;;		Unchanged: 0/0
   371 ;; Data sizes:     COMRAM   BANK0   BANK1   BANK2   BANK3   BANK4   BANK5   BANK6   BANK7
   372 ;;      Params:         0       0       0       0       0       0       0       0       0
   373 ;;      Locals:         0       0       0       0       0       0       0       0       0
   374 ;;      Temps:          0       0       0       0       0       0       0       0       0
   375 ;;      Totals:         0       0       0       0       0       0       0       0       0
   376 ;;Total ram usage:        0 bytes
   377 ;; Hardware stack levels used:    1
   378 ;; This function calls:
   379 ;;		Nothing
   380 ;; This function is called by:
   381 ;;		Interrupt level 2
   382 ;; This function uses a non-reentrant model
   383 ;;
   384                           
   385                           	psect	intcode
   386  000008                     __pintcode:
   387                           	callstack 0
   388  000008                     _INT0_ISR:
   389                           	callstack 28
   390                           
   391                           ;incstack = 0
   392  000008  8206               	bsf	int$flags,1,c	;set compiler interrupt flag (level 2)
   393  00000A  ED59  F000         	call	int_func,f	;refresh shadow registers
   394                           
   395                           	psect	intcode_body
   396  0000B2                     __pintcode_body:
   397                           	callstack 28
   398  0000B2                     int_func:
   399                           	callstack 28
   400  0000B2  0006               	pop		; remove dummy address from shadow register refresh
   401  0000B4  9206               	bcf	int$flags,1,c	;clear compiler interrupt flag (level 2)
   402  0000B6  0011               	retfie		f
   403  0000B8                     __end_of_INT0_ISR:
   404                           	callstack 0
   405  0000                     
   406                           	psect	rparam
   407  0000                     
   408                           	psect	temp
   409  000006                     btemp:
   410                           	callstack 0
   411  000006                     	ds	1
   412  0000                     int$flags	set	btemp
   413  0000                     wtemp8	set	btemp+1
   414  0000                     ttemp5	set	btemp+1
   415  0000                     ttemp6	set	btemp+4
   416  0000                     ttemp7	set	btemp+8
   417                           
   418                           	psect	idloc
   419                           
   420                           ;Config register IDLOC0 @ 0x200000
   421                           ;	unspecified, using default values
   422  200000                     	org	2097152
   423  200000  FF                 	db	255
   424                           
   425                           ;Config register IDLOC1 @ 0x200001
   426                           ;	unspecified, using default values
   427  200001                     	org	2097153
   428  200001  FF                 	db	255
   429                           
   430                           ;Config register IDLOC2 @ 0x200002
   431                           ;	unspecified, using default values
   432  200002                     	org	2097154
   433  200002  FF                 	db	255
   434                           
   435                           ;Config register IDLOC3 @ 0x200003
   436                           ;	unspecified, using default values
   437  200003                     	org	2097155
   438  200003  FF                 	db	255
   439                           
   440                           ;Config register IDLOC4 @ 0x200004
   441                           ;	unspecified, using default values
   442  200004                     	org	2097156
   443  200004  FF                 	db	255
   444                           
   445                           ;Config register IDLOC5 @ 0x200005
   446                           ;	unspecified, using default values
   447  200005                     	org	2097157
   448  200005  FF                 	db	255
   449                           
   450                           ;Config register IDLOC6 @ 0x200006
   451                           ;	unspecified, using default values
   452  200006                     	org	2097158
   453  200006  FF                 	db	255
   454                           
   455                           ;Config register IDLOC7 @ 0x200007
   456                           ;	unspecified, using default values
   457  200007                     	org	2097159
   458  200007  FF                 	db	255
   459                           
   460                           	psect	config
   461                           
   462                           ;Config register CONFIG1L @ 0x300000
   463                           ;	PLL Prescaler Selection bits
   464                           ;	PLLDIV = 1, No prescale (4 MHz oscillator input drives PLL directly)
   465                           ;	System Clock Postscaler Selection bits
   466                           ;	CPUDIV = OSC1_PLL2, [Primary Oscillator Src: /1][96 MHz PLL Src: /2]
   467                           ;	USB Clock Selection bit (used in Full-Speed USB mode only; UCFG:FSEN = 1)
   468                           ;	USBDIV = 1, USB clock source comes directly from the primary oscillator block with no 
      +                          postscale
   469  300000                     	org	3145728
   470  300000  00                 	db	0
   471                           
   472                           ;Config register CONFIG1H @ 0x300001
   473                           ;	Oscillator Selection bits
   474                           ;	FOSC = HS, HS oscillator (HS)
   475                           ;	Fail-Safe Clock Monitor Enable bit
   476                           ;	FCMEN = OFF, Fail-Safe Clock Monitor disabled
   477                           ;	Internal/External Oscillator Switchover bit
   478                           ;	IESO = OFF, Oscillator Switchover mode disabled
   479  300001                     	org	3145729
   480  300001  0C                 	db	12
   481                           
   482                           ;Config register CONFIG2L @ 0x300002
   483                           ;	Power-up Timer Enable bit
   484                           ;	PWRT = ON, PWRT enabled
   485                           ;	Brown-out Reset Enable bits
   486                           ;	BOR = OFF, Brown-out Reset disabled in hardware and software
   487                           ;	Brown-out Reset Voltage bits
   488                           ;	BORV = 3, Minimum setting 2.05V
   489                           ;	USB Voltage Regulator Enable bit
   490                           ;	VREGEN = OFF, USB voltage regulator disabled
   491  300002                     	org	3145730
   492  300002  18                 	db	24
   493                           
   494                           ;Config register CONFIG2H @ 0x300003
   495                           ;	Watchdog Timer Enable bit
   496                           ;	WDT = OFF, WDT disabled (control is placed on the SWDTEN bit)
   497                           ;	Watchdog Timer Postscale Select bits
   498                           ;	WDTPS = 32768, 1:32768
   499  300003                     	org	3145731
   500  300003  1E                 	db	30
   501                           
   502                           ; Padding undefined space
   503  300004                     	org	3145732
   504  300004  FF                 	db	255
   505                           
   506                           ;Config register CONFIG3H @ 0x300005
   507                           ;	CCP2 MUX bit
   508                           ;	CCP2MX = ON, CCP2 input/output is multiplexed with RC1
   509                           ;	PORTB A/D Enable bit
   510                           ;	PBADEN = OFF, PORTB<4:0> pins are configured as digital I/O on Reset
   511                           ;	Low-Power Timer 1 Oscillator Enable bit
   512                           ;	LPT1OSC = OFF, Timer1 configured for higher power operation
   513                           ;	MCLR Pin Enable bit
   514                           ;	MCLRE = ON, MCLR pin enabled; RE3 input pin disabled
   515  300005                     	org	3145733
   516  300005  81                 	db	129
   517                           
   518                           ;Config register CONFIG4L @ 0x300006
   519                           ;	Stack Full/Underflow Reset Enable bit
   520                           ;	STVREN = OFF, Stack full/underflow will not cause Reset
   521                           ;	Single-Supply ICSP Enable bit
   522                           ;	LVP = OFF, Single-Supply ICSP disabled
   523                           ;	Dedicated In-Circuit Debug/Programming Port (ICPORT) Enable bit
   524                           ;	ICPRT = OFF, ICPORT disabled
   525                           ;	Extended Instruction Set Enable bit
   526                           ;	XINST = OFF, Instruction set extension and Indexed Addressing mode disabled (Legacy mo
      +                          de)
   527                           ;	Background Debugger Enable bit
   528                           ;	DEBUG = 0x1, unprogrammed default
   529  300006                     	org	3145734
   530  300006  80                 	db	128
   531                           
   532                           ; Padding undefined space
   533  300007                     	org	3145735
   534  300007  FF                 	db	255
   535                           
   536                           ;Config register CONFIG5L @ 0x300008
   537                           ;	Code Protection bit
   538                           ;	CP0 = OFF, Block 0 (000800-001FFFh) is not code-protected
   539                           ;	Code Protection bit
   540                           ;	CP1 = OFF, Block 1 (002000-003FFFh) is not code-protected
   541                           ;	Code Protection bit
   542                           ;	CP2 = OFF, Block 2 (004000-005FFFh) is not code-protected
   543                           ;	Code Protection bit
   544                           ;	CP3 = OFF, Block 3 (006000-007FFFh) is not code-protected
   545  300008                     	org	3145736
   546  300008  0F                 	db	15
   547                           
   548                           ;Config register CONFIG5H @ 0x300009
   549                           ;	Boot Block Code Protection bit
   550                           ;	CPB = OFF, Boot block (000000-0007FFh) is not code-protected
   551                           ;	Data EEPROM Code Protection bit
   552                           ;	CPD = OFF, Data EEPROM is not code-protected
   553  300009                     	org	3145737
   554  300009  C0                 	db	192
   555                           
   556                           ;Config register CONFIG6L @ 0x30000A
   557                           ;	Write Protection bit
   558                           ;	WRT0 = OFF, Block 0 (000800-001FFFh) is not write-protected
   559                           ;	Write Protection bit
   560                           ;	WRT1 = OFF, Block 1 (002000-003FFFh) is not write-protected
   561                           ;	Write Protection bit
   562                           ;	WRT2 = OFF, Block 2 (004000-005FFFh) is not write-protected
   563                           ;	Write Protection bit
   564                           ;	WRT3 = OFF, Block 3 (006000-007FFFh) is not write-protected
   565  30000A                     	org	3145738
   566  30000A  0F                 	db	15
   567                           
   568                           ;Config register CONFIG6H @ 0x30000B
   569                           ;	Configuration Register Write Protection bit
   570                           ;	WRTC = OFF, Configuration registers (300000-3000FFh) are not write-protected
   571                           ;	Boot Block Write Protection bit
   572                           ;	WRTB = OFF, Boot block (000000-0007FFh) is not write-protected
   573                           ;	Data EEPROM Write Protection bit
   574                           ;	WRTD = OFF, Data EEPROM is not write-protected
   575  30000B                     	org	3145739
   576  30000B  E0                 	db	224
   577                           
   578                           ;Config register CONFIG7L @ 0x30000C
   579                           ;	Table Read Protection bit
   580                           ;	EBTR0 = OFF, Block 0 (000800-001FFFh) is not protected from table reads executed in ot
      +                          her blocks
   581                           ;	Table Read Protection bit
   582                           ;	EBTR1 = OFF, Block 1 (002000-003FFFh) is not protected from table reads executed in ot
      +                          her blocks
   583                           ;	Table Read Protection bit
   584                           ;	EBTR2 = OFF, Block 2 (004000-005FFFh) is not protected from table reads executed in ot
      +                          her blocks
   585                           ;	Table Read Protection bit
   586                           ;	EBTR3 = OFF, Block 3 (006000-007FFFh) is not protected from table reads executed in ot
      +                          her blocks
   587  30000C                     	org	3145740
   588  30000C  0F                 	db	15
   589                           
   590                           ;Config register CONFIG7H @ 0x30000D
   591                           ;	Boot Block Table Read Protection bit
   592                           ;	EBTRB = OFF, Boot block (000000-0007FFh) is not protected from table reads executed in
      +                           other blocks
   593  30000D                     	org	3145741
   594  30000D  40                 	db	64
   595                           tosu	equ	0xFFF
   596                           tosh	equ	0xFFE
   597                           tosl	equ	0xFFD
   598                           stkptr	equ	0xFFC
   599                           pclatu	equ	0xFFB
   600                           pclath	equ	0xFFA
   601                           pcl	equ	0xFF9
   602                           tblptru	equ	0xFF8
   603                           tblptrh	equ	0xFF7
   604                           tblptrl	equ	0xFF6
   605                           tablat	equ	0xFF5
   606                           prodh	equ	0xFF4
   607                           prodl	equ	0xFF3
   608                           indf0	equ	0xFEF
   609                           postinc0	equ	0xFEE
   610                           postdec0	equ	0xFED
   611                           preinc0	equ	0xFEC
   612                           plusw0	equ	0xFEB
   613                           fsr0h	equ	0xFEA
   614                           fsr0l	equ	0xFE9
   615                           wreg	equ	0xFE8
   616                           indf1	equ	0xFE7
   617                           postinc1	equ	0xFE6
   618                           postdec1	equ	0xFE5
   619                           preinc1	equ	0xFE4
   620                           plusw1	equ	0xFE3
   621                           fsr1h	equ	0xFE2
   622                           fsr1l	equ	0xFE1
   623                           bsr	equ	0xFE0
   624                           indf2	equ	0xFDF
   625                           postinc2	equ	0xFDE
   626                           postdec2	equ	0xFDD
   627                           preinc2	equ	0xFDC
   628                           plusw2	equ	0xFDB
   629                           fsr2h	equ	0xFDA
   630                           fsr2l	equ	0xFD9
   631                           status	equ	0xFD8

Data Sizes:
    Strings     0
    Constant    0
    Data        0
    BSS         1
    Persistent  0
    Stack       0

Auto Spaces:
    Space          Size  Autos    Used
    COMRAM           94      4       5
    BANK0           160      0       0
    BANK1           256      0       0
    BANK2           256      0       0
    BANK3           256      0       0
    BANK4           256      0       0
    BANK5           256      0       0
    BANK6           256      0       0
    BANK7           256      0       0

Pointer List with Targets:

    None.

Critical Paths under _main in COMRAM

    None.

Critical Paths under _TMR0_ISR in COMRAM

    None.

Critical Paths under _INT0_ISR in COMRAM

    None.

Critical Paths under _main in BANK0

    None.

Critical Paths under _TMR0_ISR in BANK0

    None.

Critical Paths under _INT0_ISR in BANK0

    None.

Critical Paths under _main in BANK1

    None.

Critical Paths under _TMR0_ISR in BANK1

    None.

Critical Paths under _INT0_ISR in BANK1

    None.

Critical Paths under _main in BANK2

    None.

Critical Paths under _TMR0_ISR in BANK2

    None.

Critical Paths under _INT0_ISR in BANK2

    None.

Critical Paths under _main in BANK3

    None.

Critical Paths under _TMR0_ISR in BANK3

    None.

Critical Paths under _INT0_ISR in BANK3

    None.

Critical Paths under _main in BANK4

    None.

Critical Paths under _TMR0_ISR in BANK4

    None.

Critical Paths under _INT0_ISR in BANK4

    None.

Critical Paths under _main in BANK5

    None.

Critical Paths under _TMR0_ISR in BANK5

    None.

Critical Paths under _INT0_ISR in BANK5

    None.

Critical Paths under _main in BANK6

    None.

Critical Paths under _TMR0_ISR in BANK6

    None.

Critical Paths under _INT0_ISR in BANK6

    None.

Critical Paths under _main in BANK7

    None.

Critical Paths under _TMR0_ISR in BANK7

    None.

Critical Paths under _INT0_ISR in BANK7

    None.

Call Graph Tables:

 ---------------------------------------------------------------------------------
 (Depth) Function   	        Calls       Base Space   Used Autos Params    Refs
 ---------------------------------------------------------------------------------
 (0) _main                                                 0     0      0       0
                           _INT_Init
                        _Timer0_Init
 ---------------------------------------------------------------------------------
 (1) _Timer0_Init                                          0     0      0       0
 ---------------------------------------------------------------------------------
 (1) _INT_Init                                             0     0      0       0
 ---------------------------------------------------------------------------------
 Estimated maximum stack depth 1
 ---------------------------------------------------------------------------------
 (Depth) Function   	        Calls       Base Space   Used Autos Params    Refs
 ---------------------------------------------------------------------------------
 (2) _TMR0_ISR                                             4     4      0       0
                                              0 COMRAM     4     4      0
 ---------------------------------------------------------------------------------
 Estimated maximum stack depth 2
 ---------------------------------------------------------------------------------
 (Depth) Function   	        Calls       Base Space   Used Autos Params    Refs
 ---------------------------------------------------------------------------------
 (3) _INT0_ISR                                             0     0      0       0
 ---------------------------------------------------------------------------------
 Estimated maximum stack depth 3
 ---------------------------------------------------------------------------------

 Call Graph Graphs:

 _main (ROOT)
   _INT_Init
   _Timer0_Init

 _TMR0_ISR (ROOT)

 _INT0_ISR (ROOT)

 Address spaces:
Name               Size   Autos  Total    Cost      Usage
BIGRAM             7FF      0       0      21        0.0%
EEDATA             100      0       0       0        0.0%
BITBANK7           100      0       0      18        0.0%
BANK7              100      0       0      19        0.0%
BITBANK6           100      0       0      16        0.0%
BANK6              100      0       0      17        0.0%
BITBANK5           100      0       0      14        0.0%
BANK5              100      0       0      15        0.0%
BITBANK4           100      0       0      12        0.0%
BANK4              100      0       0      13        0.0%
BITBANK3           100      0       0      10        0.0%
BANK3              100      0       0      11        0.0%
BITBANK2           100      0       0       8        0.0%
BANK2              100      0       0       9        0.0%
BITBANK1           100      0       0       6        0.0%
BANK1              100      0       0       7        0.0%
BITBANK0            A0      0       0       4        0.0%
BANK0               A0      0       0       5        0.0%
BITCOMRAM           5E      0       0       0        0.0%
COMRAM              5E      4       5       1        5.3%
BITSFR               0      0       0     200        0.0%
SFR                  0      0       0     200        0.0%
STACK                0      0       0       2        0.0%
NULL                 0      0       0       0        0.0%
ABS                  0      0       5      20        0.0%
DATA                 0      0       5       3        0.0%
CODE                 0      0       0       0        0.0%


Microchip Technology PIC18 Macro Assembler V2.20 build 20200408173844 
Symbol Table                                                                                   Tue Dec 29 20:43:20 2020

                      _x 0005                       l11 0096                       l12 0096  
                     l27 00B0                       l49 0088                       bsr 000FE0  
                    l731 0082                      l733 0084                      l725 0072  
                    l741 008E                      l735 0086                      l727 0078  
                    l737 00AA                      l729 0080                      l739 008A  
                    wreg 000FE8                     i1l38 005E                     i2l32 00B4  
                   _main 008A                     btemp 0006                     start 006E  
           ___param_bank 000000         __end_of_INT0_ISR 00B8                    ?_main 0001  
                  i1l751 005C                    i1l743 0026                    i1l745 0028  
                  i1l747 0038                    i1l749 0058                    _TMR0L 000FD6  
       __end_of_INT_Init 00B2                    _TRISD 000F95         __end_of_TMR0_ISR 006E  
                  ttemp5 0007                    ttemp6 000A                    ttemp7 000E  
                  status 000FD8                    wtemp8 0007          __initialization 009E  
           __end_of_main 009E                   ??_main 0005            __activetblptr 000000  
                 i1u1_20 0038                   i1u1_21 0034                   i1u2_20 0048  
                 i1u2_21 0042                   i1u2_26 004A            ??_Timer0_Init 0005  
             __accesstop 0060  __end_of__initialization 00A0                ?_INT0_ISR 0001  
          ___rparam_used 000001                ?_INT_Init 0001           __pcstackCOMRAM 0001  
              ?_TMR0_ISR 0001      __end_of_Timer0_Init 008A               ??_INT0_ISR 0001  
             ??_INT_Init 0005               ??_TMR0_ISR 0001                  __Hparam 0000  
            _Timer0_Init 0072                  __Lparam 0000                  __pcinit 009E  
                __ramtop 0800                  __ptext0 008A                  __ptext1 0072  
                __ptext2 00AA                _T0CONbits 000FD5           __pintcode_body 00B2  
   end_of_initialization 00A0                  int_func 00B2        __size_of_INT0_ISR 00B0  
      __size_of_INT_Init 0008        __size_of_TMR0_ISR 0056      start_initialization 009E  
            __pbssCOMRAM 0005             ?_Timer0_Init 0001                __pintcode 0008  
            __pintcodelo 0018                 _INT0_ISR 0008                 _LATDbits 000F8C  
               _INT_Init 00AA                 _RCONbits 000FD0                 _TMR0_ISR 0018  
            _INTCON2bits 000FF1                 __Hrparam 0000                 __Lrparam 0000  
          __size_of_main 0014     __size_of_Timer0_Init 0018                 int$flags 0006  
             _INTCONbits 000FF2                 intlevel1 0000                 intlevel2 0000  
