

Microchip MPLAB XC8 Assembler V2.20 build 20200408173844 
                                                                                               Wed Dec 30 19:35:35 2020

Microchip MPLAB XC8 C Compiler v2.20 (Free license) build 20200408173844 Og1 
     1                           	processor	18F4550
     2                           	fnconf	rparam,??,?,0
     3                           	pagewidth 120
     4                           	opt	flic
     5                           	psect	cinit,global,reloc=2,class=CODE,delta=1
     6                           	psect	cstackCOMRAM,global,class=COMRAM,space=1,delta=1,lowdata,noexec
     7                           	psect	text0,global,reloc=2,class=CODE,delta=1
     8                           	psect	text1,global,reloc=2,class=CODE,delta=1
     9                           	psect	text2,global,reloc=2,class=CODE,delta=1
    10                           	psect	intsave_regs,global,class=BIGRAM,space=1,delta=1,noexec
    11                           	psect	rparam,global,class=COMRAM,space=1,delta=1,noexec
    12                           	psect	idloc,global,abs,ovrld,class=IDLOC,space=5,delta=1,noexec
    13                           	psect	config,global,abs,ovrld,class=CONFIG,space=4,delta=1,noexec
    14  0000                     
    15                           ; Version 2.20
    16                           ; Generated 12/02/2020 GMT
    17                           ; 
    18                           ; Copyright © 2020, Microchip Technology Inc. and its subsidiaries ("Microchip")
    19                           ; All rights reserved.
    20                           ; 
    21                           ; This software is developed by Microchip Technology Inc. and its subsidiaries ("Microch
      +                          ip").
    22                           ; 
    23                           ; Redistribution and use in source and binary forms, with or without modification, are
    24                           ; permitted provided that the following conditions are met:
    25                           ; 
    26                           ;     1. Redistributions of source code must retain the above copyright notice, this lis
      +                          t of
    27                           ;        conditions and the following disclaimer.
    28                           ; 
    29                           ;     2. Redistributions in binary form must reproduce the above copyright notice, this 
      +                          list
    30                           ;        of conditions and the following disclaimer in the documentation and/or other
    31                           ;        materials provided with the distribution.
    32                           ; 
    33                           ;     3. Microchip's name may not be used to endorse or promote products derived from th
      +                          is
    34                           ;        software without specific prior written permission.
    35                           ; 
    36                           ; THIS SOFTWARE IS PROVIDED BY MICROCHIP "AS IS" AND ANY EXPRESS OR IMPLIED WARRANTIES,
    37                           ; INCLUDING, BUT NOT LIMITED TO, THE IMPLIED WARRANTIES OF MERCHANTABILITY AND FITNESS F
      +                          OR
    38                           ; PURPOSE ARE DISCLAIMED.  IN NO EVENT SHALL MICROCHIP BE LIABLE FOR ANY DIRECT, INDIREC
      +                          T,
    39                           ; INCIDENTAL, SPECIAL, EXEMPLARY, OR CONSEQUENTIAL DAMAGES (INCLUDING BUT NOT LIMITED TO
    40                           ; PROCUREMENT OF SUBSTITUTE GOODS OR SERVICES; LOSS OF USE, DATA OR PROFITS; OR BUSINESS
    41                           ; INTERRUPTION) HOWSOEVER CAUSED AND ON ANY THEORY OF LIABILITY, WHETHER IN CONTRACT, ST
      +                          RICT
    42                           ; LIABILITY, OR TORT (INCLUDING NEGLIGENCE OR OTHERWISE) ARISING IN ANY WAY OUT OF THE U
      +                          SE OF
    43                           ; THIS SOFTWARE, EVEN IF ADVISED OF THE POSSIBILITY OF SUCH DAMAGE.
    44                           ; 
    45                           ; 
    46                           ; Code-generator required, PIC18F4550 Definitions
    47                           ; 
    48                           ; SFR Addresses
    49  0000                     _EECON2	set	4007
    50  0000                     _EECON1bits	set	4006
    51  0000                     _EEDATA	set	4008
    52  0000                     _EEADR	set	4009
    53  0000                     _LATD	set	3980
    54  0000                     _TRISD	set	3989
    55                           
    56                           ; #config settings
    57                           
    58                           	psect	cinit
    59  007F9C                     __pcinit:
    60                           	callstack 0
    61  007F9C                     start_initialization:
    62                           	callstack 0
    63  007F9C                     __initialization:
    64                           	callstack 0
    65  007F9C                     end_of_initialization:
    66                           	callstack 0
    67  007F9C                     __end_of__initialization:
    68                           	callstack 0
    69  007F9C  0100               	movlb	0
    70  007F9E  EFD9  F03F         	goto	_main	;jump to C main() function
    71                           
    72                           	psect	cstackCOMRAM
    73  000001                     __pcstackCOMRAM:
    74                           	callstack 0
    75  000001                     EEPROM_Write@dato:
    76                           	callstack 0
    77  000001                     EEPROM_Read@dir:
    78                           	callstack 0
    79                           
    80                           ; 1 bytes @ 0x0
    81  000001                     	ds	1
    82  000002                     EEPROM_Write@dir:
    83                           	callstack 0
    84                           
    85                           ; 1 bytes @ 0x1
    86  000002                     	ds	1
    87  000003                     
    88                           ; 1 bytes @ 0x2
    89 ;;
    90 ;;Main: autosize = 0, tempsize = 0, incstack = 0, save=0
    91 ;;
    92 ;; *************** function _main *****************
    93 ;; Defined at:
    94 ;;		line 13 in file "Programa_principal.c"
    95 ;; Parameters:    Size  Location     Type
    96 ;;		None
    97 ;; Auto vars:     Size  Location     Type
    98 ;;		None
    99 ;; Return value:  Size  Location     Type
   100 ;;                  1    wreg      void 
   101 ;; Registers used:
   102 ;;		wreg, status,2, cstack
   103 ;; Tracked objects:
   104 ;;		On entry : 0/0
   105 ;;		On exit  : 0/0
   106 ;;		Unchanged: 0/0
   107 ;; Data sizes:     COMRAM   BANK0   BANK1   BANK2   BANK3   BANK4   BANK5   BANK6   BANK7
   108 ;;      Params:         0       0       0       0       0       0       0       0       0
   109 ;;      Locals:         0       0       0       0       0       0       0       0       0
   110 ;;      Temps:          0       0       0       0       0       0       0       0       0
   111 ;;      Totals:         0       0       0       0       0       0       0       0       0
   112 ;;Total ram usage:        0 bytes
   113 ;; Hardware stack levels required when called:    1
   114 ;; This function calls:
   115 ;;		_EEPROM_Read
   116 ;;		_EEPROM_Write
   117 ;; This function is called by:
   118 ;;		Startup code after reset
   119 ;; This function uses a non-reentrant model
   120 ;;
   121                           
   122                           	psect	text0
   123  007FB2                     __ptext0:
   124                           	callstack 0
   125  007FB2                     _main:
   126                           	callstack 30
   127  007FB2                     
   128                           ;Programa_principal.c: 14:     TRISD = 0x00;
   129  007FB2  0E00               	movlw	0
   130  007FB4  6E95               	movwf	149,c	;volatile
   131                           
   132                           ;Programa_principal.c: 15:     LATD = 0x00;
   133  007FB6  0E00               	movlw	0
   134  007FB8  6E8C               	movwf	140,c	;volatile
   135  007FBA                     
   136                           ;Programa_principal.c: 16:     EEPROM_Write(0xFF,'a');
   137  007FBA  0E61               	movlw	97
   138  007FBC  6E01               	movwf	EEPROM_Write@dato^0,c
   139  007FBE  0EFF               	movlw	255
   140  007FC0  ECEA  F03F         	call	_EEPROM_Write
   141  007FC4                     
   142                           ;Programa_principal.c: 17:     LATD = EEPROM_Read(255);
   143  007FC4  0EFF               	movlw	255
   144  007FC6  ECD1  F03F         	call	_EEPROM_Read
   145  007FCA  6E8C               	movwf	140,c	;volatile
   146  007FCC                     l13:
   147  007FCC  EFE6  F03F         	goto	l13
   148  007FD0  EF00  F000         	goto	start
   149  007FD4                     __end_of_main:
   150                           	callstack 0
   151                           
   152 ;; *************** function _EEPROM_Write *****************
   153 ;; Defined at:
   154 ;;		line 6 in file "EEPROM_Libreria.c"
   155 ;; Parameters:    Size  Location     Type
   156 ;;  dir             1    wreg     unsigned char 
   157 ;;  dato            1    0[COMRAM] unsigned char 
   158 ;; Auto vars:     Size  Location     Type
   159 ;;  dir             1    1[COMRAM] unsigned char 
   160 ;; Return value:  Size  Location     Type
   161 ;;                  1    wreg      void 
   162 ;; Registers used:
   163 ;;		wreg, status,2
   164 ;; Tracked objects:
   165 ;;		On entry : 0/0
   166 ;;		On exit  : 0/0
   167 ;;		Unchanged: 0/0
   168 ;; Data sizes:     COMRAM   BANK0   BANK1   BANK2   BANK3   BANK4   BANK5   BANK6   BANK7
   169 ;;      Params:         1       0       0       0       0       0       0       0       0
   170 ;;      Locals:         1       0       0       0       0       0       0       0       0
   171 ;;      Temps:          0       0       0       0       0       0       0       0       0
   172 ;;      Totals:         2       0       0       0       0       0       0       0       0
   173 ;;Total ram usage:        2 bytes
   174 ;; Hardware stack levels used:    1
   175 ;; This function calls:
   176 ;;		Nothing
   177 ;; This function is called by:
   178 ;;		_main
   179 ;; This function uses a non-reentrant model
   180 ;;
   181                           
   182                           	psect	text1
   183  007FD4                     __ptext1:
   184                           	callstack 0
   185  007FD4                     _EEPROM_Write:
   186                           	callstack 30
   187                           
   188                           ;incstack = 0
   189                           ;EEPROM_Write@dir stored from wreg
   190  007FD4  6E02               	movwf	EEPROM_Write@dir^0,c
   191  007FD6                     
   192                           ;EEPROM_Libreria.c: 7:     EEADR = dir;
   193  007FD6  C002  FFA9         	movff	EEPROM_Write@dir,4009	;volatile
   194  007FDA                     
   195                           ;EEPROM_Libreria.c: 8:     EEDATA = dato;
   196  007FDA  C001  FFA8         	movff	EEPROM_Write@dato,4008	;volatile
   197  007FDE                     
   198                           ;EEPROM_Libreria.c: 9:     EECON1bits.CFGS = 0;
   199  007FDE  9CA6               	bcf	166,6,c	;volsfr
   200  007FE0                     
   201                           ;EEPROM_Libreria.c: 10:     EECON1bits.EEPGD = 0;
   202  007FE0  9EA6               	bcf	166,7,c	;volsfr
   203  007FE2                     
   204                           ;EEPROM_Libreria.c: 11:     EECON1bits.WREN = 1;
   205  007FE2  84A6               	bsf	166,2,c	;volsfr
   206  007FE4                     
   207                           ;EEPROM_Libreria.c: 12:     EECON2 = 0x55;
   208  007FE4  0E55               	movlw	85
   209  007FE6  6EA7               	movwf	167,c	;volsfr
   210  007FE8                     
   211                           ;EEPROM_Libreria.c: 13:     EECON2 = 0xAA;
   212  007FE8  0EAA               	movlw	170
   213  007FEA  6EA7               	movwf	167,c	;volsfr
   214  007FEC                     
   215                           ;EEPROM_Libreria.c: 14:     EECON1bits.WR = 1;
   216  007FEC  82A6               	bsf	166,1,c	;volsfr
   217  007FEE                     l27:
   218  007FEE  B2A6               	btfsc	166,1,c	;volsfr
   219  007FF0  EFFC  F03F         	goto	u21
   220  007FF4  EFFE  F03F         	goto	u20
   221  007FF8                     u21:
   222  007FF8  EFF7  F03F         	goto	l27
   223  007FFC                     u20:
   224  007FFC                     
   225                           ;EEPROM_Libreria.c: 16:     EECON1bits.WREN = 0;
   226  007FFC  94A6               	bcf	166,2,c	;volsfr
   227  007FFE  0012               	return		;funcret
   228  008000                     __end_of_EEPROM_Write:
   229                           	callstack 0
   230                           
   231 ;; *************** function _EEPROM_Read *****************
   232 ;; Defined at:
   233 ;;		line 20 in file "EEPROM_Libreria.c"
   234 ;; Parameters:    Size  Location     Type
   235 ;;  dir             1    wreg     unsigned char 
   236 ;; Auto vars:     Size  Location     Type
   237 ;;  dir             1    0[COMRAM] unsigned char 
   238 ;; Return value:  Size  Location     Type
   239 ;;                  1    wreg      unsigned char 
   240 ;; Registers used:
   241 ;;		wreg, status,2
   242 ;; Tracked objects:
   243 ;;		On entry : 0/0
   244 ;;		On exit  : 0/0
   245 ;;		Unchanged: 0/0
   246 ;; Data sizes:     COMRAM   BANK0   BANK1   BANK2   BANK3   BANK4   BANK5   BANK6   BANK7
   247 ;;      Params:         0       0       0       0       0       0       0       0       0
   248 ;;      Locals:         1       0       0       0       0       0       0       0       0
   249 ;;      Temps:          0       0       0       0       0       0       0       0       0
   250 ;;      Totals:         1       0       0       0       0       0       0       0       0
   251 ;;Total ram usage:        1 bytes
   252 ;; Hardware stack levels used:    1
   253 ;; This function calls:
   254 ;;		Nothing
   255 ;; This function is called by:
   256 ;;		_main
   257 ;; This function uses a non-reentrant model
   258 ;;
   259                           
   260                           	psect	text2
   261  007FA2                     __ptext2:
   262                           	callstack 0
   263  007FA2                     _EEPROM_Read:
   264                           	callstack 30
   265                           
   266                           ;incstack = 0
   267                           ;EEPROM_Read@dir stored from wreg
   268  007FA2  6E01               	movwf	EEPROM_Read@dir^0,c
   269  007FA4                     
   270                           ;EEPROM_Libreria.c: 21:     EEADR = dir;
   271  007FA4  C001  FFA9         	movff	EEPROM_Read@dir,4009	;volatile
   272  007FA8                     
   273                           ;EEPROM_Libreria.c: 22:     EECON1bits.CFGS = 0;
   274  007FA8  9CA6               	bcf	166,6,c	;volsfr
   275  007FAA                     
   276                           ;EEPROM_Libreria.c: 23:     EECON1bits.EEPGD = 0;
   277  007FAA  9EA6               	bcf	166,7,c	;volsfr
   278  007FAC                     
   279                           ;EEPROM_Libreria.c: 24:     EECON1bits.RD = 1;
   280  007FAC  80A6               	bsf	166,0,c	;volsfr
   281  007FAE                     
   282                           ;EEPROM_Libreria.c: 25:     return EEDATA;
   283  007FAE  50A8               	movf	168,w,c	;volatile
   284  007FB0  0012               	return		;funcret
   285  007FB2                     __end_of_EEPROM_Read:
   286                           	callstack 0
   287  0000                     
   288                           	psect	rparam
   289  0000                     
   290                           	psect	idloc
   291                           
   292                           ;Config register IDLOC0 @ 0x200000
   293                           ;	unspecified, using default values
   294  200000                     	org	2097152
   295  200000  FF                 	db	255
   296                           
   297                           ;Config register IDLOC1 @ 0x200001
   298                           ;	unspecified, using default values
   299  200001                     	org	2097153
   300  200001  FF                 	db	255
   301                           
   302                           ;Config register IDLOC2 @ 0x200002
   303                           ;	unspecified, using default values
   304  200002                     	org	2097154
   305  200002  FF                 	db	255
   306                           
   307                           ;Config register IDLOC3 @ 0x200003
   308                           ;	unspecified, using default values
   309  200003                     	org	2097155
   310  200003  FF                 	db	255
   311                           
   312                           ;Config register IDLOC4 @ 0x200004
   313                           ;	unspecified, using default values
   314  200004                     	org	2097156
   315  200004  FF                 	db	255
   316                           
   317                           ;Config register IDLOC5 @ 0x200005
   318                           ;	unspecified, using default values
   319  200005                     	org	2097157
   320  200005  FF                 	db	255
   321                           
   322                           ;Config register IDLOC6 @ 0x200006
   323                           ;	unspecified, using default values
   324  200006                     	org	2097158
   325  200006  FF                 	db	255
   326                           
   327                           ;Config register IDLOC7 @ 0x200007
   328                           ;	unspecified, using default values
   329  200007                     	org	2097159
   330  200007  FF                 	db	255
   331                           
   332                           	psect	config
   333                           
   334                           ;Config register CONFIG1L @ 0x300000
   335                           ;	PLL Prescaler Selection bits
   336                           ;	PLLDIV = 1, No prescale (4 MHz oscillator input drives PLL directly)
   337                           ;	System Clock Postscaler Selection bits
   338                           ;	CPUDIV = OSC1_PLL2, [Primary Oscillator Src: /1][96 MHz PLL Src: /2]
   339                           ;	USB Clock Selection bit (used in Full-Speed USB mode only; UCFG:FSEN = 1)
   340                           ;	USBDIV = 1, USB clock source comes directly from the primary oscillator block with no 
      +                          postscale
   341  300000                     	org	3145728
   342  300000  00                 	db	0
   343                           
   344                           ;Config register CONFIG1H @ 0x300001
   345                           ;	Oscillator Selection bits
   346                           ;	FOSC = HS, HS oscillator (HS)
   347                           ;	Fail-Safe Clock Monitor Enable bit
   348                           ;	FCMEN = OFF, Fail-Safe Clock Monitor disabled
   349                           ;	Internal/External Oscillator Switchover bit
   350                           ;	IESO = OFF, Oscillator Switchover mode disabled
   351  300001                     	org	3145729
   352  300001  0C                 	db	12
   353                           
   354                           ;Config register CONFIG2L @ 0x300002
   355                           ;	Power-up Timer Enable bit
   356                           ;	PWRT = ON, PWRT enabled
   357                           ;	Brown-out Reset Enable bits
   358                           ;	BOR = OFF, Brown-out Reset disabled in hardware and software
   359                           ;	Brown-out Reset Voltage bits
   360                           ;	BORV = 3, Minimum setting 2.05V
   361                           ;	USB Voltage Regulator Enable bit
   362                           ;	VREGEN = OFF, USB voltage regulator disabled
   363  300002                     	org	3145730
   364  300002  18                 	db	24
   365                           
   366                           ;Config register CONFIG2H @ 0x300003
   367                           ;	Watchdog Timer Enable bit
   368                           ;	WDT = OFF, WDT disabled (control is placed on the SWDTEN bit)
   369                           ;	Watchdog Timer Postscale Select bits
   370                           ;	WDTPS = 32768, 1:32768
   371  300003                     	org	3145731
   372  300003  1E                 	db	30
   373                           
   374                           ; Padding undefined space
   375  300004                     	org	3145732
   376  300004  FF                 	db	255
   377                           
   378                           ;Config register CONFIG3H @ 0x300005
   379                           ;	CCP2 MUX bit
   380                           ;	CCP2MX = ON, CCP2 input/output is multiplexed with RC1
   381                           ;	PORTB A/D Enable bit
   382                           ;	PBADEN = OFF, PORTB<4:0> pins are configured as digital I/O on Reset
   383                           ;	Low-Power Timer 1 Oscillator Enable bit
   384                           ;	LPT1OSC = OFF, Timer1 configured for higher power operation
   385                           ;	MCLR Pin Enable bit
   386                           ;	MCLRE = ON, MCLR pin enabled; RE3 input pin disabled
   387  300005                     	org	3145733
   388  300005  81                 	db	129
   389                           
   390                           ;Config register CONFIG4L @ 0x300006
   391                           ;	Stack Full/Underflow Reset Enable bit
   392                           ;	STVREN = OFF, Stack full/underflow will not cause Reset
   393                           ;	Single-Supply ICSP Enable bit
   394                           ;	LVP = OFF, Single-Supply ICSP disabled
   395                           ;	Dedicated In-Circuit Debug/Programming Port (ICPORT) Enable bit
   396                           ;	ICPRT = OFF, ICPORT disabled
   397                           ;	Extended Instruction Set Enable bit
   398                           ;	XINST = OFF, Instruction set extension and Indexed Addressing mode disabled (Legacy mo
      +                          de)
   399                           ;	Background Debugger Enable bit
   400                           ;	DEBUG = 0x1, unprogrammed default
   401  300006                     	org	3145734
   402  300006  80                 	db	128
   403                           
   404                           ; Padding undefined space
   405  300007                     	org	3145735
   406  300007  FF                 	db	255
   407                           
   408                           ;Config register CONFIG5L @ 0x300008
   409                           ;	Code Protection bit
   410                           ;	CP0 = OFF, Block 0 (000800-001FFFh) is not code-protected
   411                           ;	Code Protection bit
   412                           ;	CP1 = OFF, Block 1 (002000-003FFFh) is not code-protected
   413                           ;	Code Protection bit
   414                           ;	CP2 = OFF, Block 2 (004000-005FFFh) is not code-protected
   415                           ;	Code Protection bit
   416                           ;	CP3 = OFF, Block 3 (006000-007FFFh) is not code-protected
   417  300008                     	org	3145736
   418  300008  0F                 	db	15
   419                           
   420                           ;Config register CONFIG5H @ 0x300009
   421                           ;	Boot Block Code Protection bit
   422                           ;	CPB = OFF, Boot block (000000-0007FFh) is not code-protected
   423                           ;	Data EEPROM Code Protection bit
   424                           ;	CPD = OFF, Data EEPROM is not code-protected
   425  300009                     	org	3145737
   426  300009  C0                 	db	192
   427                           
   428                           ;Config register CONFIG6L @ 0x30000A
   429                           ;	Write Protection bit
   430                           ;	WRT0 = OFF, Block 0 (000800-001FFFh) is not write-protected
   431                           ;	Write Protection bit
   432                           ;	WRT1 = OFF, Block 1 (002000-003FFFh) is not write-protected
   433                           ;	Write Protection bit
   434                           ;	WRT2 = OFF, Block 2 (004000-005FFFh) is not write-protected
   435                           ;	Write Protection bit
   436                           ;	WRT3 = OFF, Block 3 (006000-007FFFh) is not write-protected
   437  30000A                     	org	3145738
   438  30000A  0F                 	db	15
   439                           
   440                           ;Config register CONFIG6H @ 0x30000B
   441                           ;	Configuration Register Write Protection bit
   442                           ;	WRTC = OFF, Configuration registers (300000-3000FFh) are not write-protected
   443                           ;	Boot Block Write Protection bit
   444                           ;	WRTB = OFF, Boot block (000000-0007FFh) is not write-protected
   445                           ;	Data EEPROM Write Protection bit
   446                           ;	WRTD = OFF, Data EEPROM is not write-protected
   447  30000B                     	org	3145739
   448  30000B  E0                 	db	224
   449                           
   450                           ;Config register CONFIG7L @ 0x30000C
   451                           ;	Table Read Protection bit
   452                           ;	EBTR0 = OFF, Block 0 (000800-001FFFh) is not protected from table reads executed in ot
      +                          her blocks
   453                           ;	Table Read Protection bit
   454                           ;	EBTR1 = OFF, Block 1 (002000-003FFFh) is not protected from table reads executed in ot
      +                          her blocks
   455                           ;	Table Read Protection bit
   456                           ;	EBTR2 = OFF, Block 2 (004000-005FFFh) is not protected from table reads executed in ot
      +                          her blocks
   457                           ;	Table Read Protection bit
   458                           ;	EBTR3 = OFF, Block 3 (006000-007FFFh) is not protected from table reads executed in ot
      +                          her blocks
   459  30000C                     	org	3145740
   460  30000C  0F                 	db	15
   461                           
   462                           ;Config register CONFIG7H @ 0x30000D
   463                           ;	Boot Block Table Read Protection bit
   464                           ;	EBTRB = OFF, Boot block (000000-0007FFh) is not protected from table reads executed in
      +                           other blocks
   465  30000D                     	org	3145741
   466  30000D  40                 	db	64
   467                           tosu	equ	0xFFF
   468                           tosh	equ	0xFFE
   469                           tosl	equ	0xFFD
   470                           stkptr	equ	0xFFC
   471                           pclatu	equ	0xFFB
   472                           pclath	equ	0xFFA
   473                           pcl	equ	0xFF9
   474                           tblptru	equ	0xFF8
   475                           tblptrh	equ	0xFF7
   476                           tblptrl	equ	0xFF6
   477                           tablat	equ	0xFF5
   478                           prodh	equ	0xFF4
   479                           prodl	equ	0xFF3
   480                           indf0	equ	0xFEF
   481                           postinc0	equ	0xFEE
   482                           postdec0	equ	0xFED
   483                           preinc0	equ	0xFEC
   484                           plusw0	equ	0xFEB
   485                           fsr0h	equ	0xFEA
   486                           fsr0l	equ	0xFE9
   487                           wreg	equ	0xFE8
   488                           indf1	equ	0xFE7
   489                           postinc1	equ	0xFE6
   490                           postdec1	equ	0xFE5
   491                           preinc1	equ	0xFE4
   492                           plusw1	equ	0xFE3
   493                           fsr1h	equ	0xFE2
   494                           fsr1l	equ	0xFE1
   495                           bsr	equ	0xFE0
   496                           indf2	equ	0xFDF
   497                           postinc2	equ	0xFDE
   498                           postdec2	equ	0xFDD
   499                           preinc2	equ	0xFDC
   500                           plusw2	equ	0xFDB
   501                           fsr2h	equ	0xFDA
   502                           fsr2l	equ	0xFD9
   503                           status	equ	0xFD8

Data Sizes:
    Strings     0
    Constant    0
    Data        0
    BSS         0
    Persistent  0
    Stack       0

Auto Spaces:
    Space          Size  Autos    Used
    COMRAM           95      2       2
    BANK0           160      0       0
    BANK1           256      0       0
    BANK2           256      0       0
    BANK3           256      0       0
    BANK4           256      0       0
    BANK5           256      0       0
    BANK6           256      0       0
    BANK7           256      0       0

Pointer List with Targets:

    None.

Critical Paths under _main in COMRAM

    _main->_EEPROM_Write

Critical Paths under _main in BANK0

    None.

Critical Paths under _main in BANK1

    None.

Critical Paths under _main in BANK2

    None.

Critical Paths under _main in BANK3

    None.

Critical Paths under _main in BANK4

    None.

Critical Paths under _main in BANK5

    None.

Critical Paths under _main in BANK6

    None.

Critical Paths under _main in BANK7

    None.

Call Graph Tables:

 ---------------------------------------------------------------------------------
 (Depth) Function   	        Calls       Base Space   Used Autos Params    Refs
 ---------------------------------------------------------------------------------
 (0) _main                                                 0     0      0     135
                        _EEPROM_Read
                       _EEPROM_Write
 ---------------------------------------------------------------------------------
 (1) _EEPROM_Write                                         2     1      1     120
                                              0 COMRAM     2     1      1
 ---------------------------------------------------------------------------------
 (1) _EEPROM_Read                                          1     1      0      15
                                              0 COMRAM     1     1      0
 ---------------------------------------------------------------------------------
 Estimated maximum stack depth 1
 ---------------------------------------------------------------------------------

 Call Graph Graphs:

 _main (ROOT)
   _EEPROM_Read
   _EEPROM_Write

 Address spaces:
Name               Size   Autos  Total    Cost      Usage
BITCOMRAM           5F      0       0       0        0.0%
EEDATA             100      0       0       0        0.0%
NULL                 0      0       0       0        0.0%
CODE                 0      0       0       0        0.0%
COMRAM              5F      2       2       1        2.1%
STACK                0      0       0       2        0.0%
DATA                 0      0       0       3        0.0%
BITBANK0            A0      0       0       4        0.0%
BANK0               A0      0       0       5        0.0%
BITBANK1           100      0       0       6        0.0%
BANK1              100      0       0       7        0.0%
BITBANK2           100      0       0       8        0.0%
BANK2              100      0       0       9        0.0%
BITBANK3           100      0       0      10        0.0%
BANK3              100      0       0      11        0.0%
BITBANK4           100      0       0      12        0.0%
BANK4              100      0       0      13        0.0%
BITBANK5           100      0       0      14        0.0%
BANK5              100      0       0      15        0.0%
BITBANK6           100      0       0      16        0.0%
BANK6              100      0       0      17        0.0%
BITBANK7           100      0       0      18        0.0%
BANK7              100      0       0      19        0.0%
ABS                  0      0       0      20        0.0%
BIGRAM             7FF      0       0      21        0.0%
BITSFR               0      0       0     200        0.0%
SFR                  0      0       0     200        0.0%


Microchip Technology PIC18 Macro Assembler V2.20 build 20200408173844 
Symbol Table                                                                                   Wed Dec 30 19:35:35 2020

                     l13 7FCC                       l30 7FFE                       l14 7FCC  
                     l33 7FB0                       l27 7FEE                       l29 7FFC  
                     u20 7FFC                       u21 7FF8                      l731 7FAC  
                    l733 7FAE                      l725 7FA4                      l727 7FA8  
                    l751 7FE2                      l743 7FD6                      l729 7FAA  
                    l753 7FE4                      l745 7FDA                      l761 7FBA  
                    l755 7FE8                      l747 7FDE                      l763 7FC4  
                    l757 7FEC                      l749 7FE0                      l759 7FB2  
                   _LATD 000F8C                     _main 7FB2                     start 0000  
        EEPROM_Write@dir 0002             ___param_bank 000000     __end_of_EEPROM_Write 8000  
                  ?_main 0001                    _EEADR 000FA9                    _TRISD 000F95  
       EEPROM_Write@dato 0001     __size_of_EEPROM_Read 0010          __initialization 7F9C  
           __end_of_main 7FD4                   ??_main 0003            __activetblptr 000000  
                 _EEDATA 000FA8                   _EECON2 000FA7               __accesstop 0060  
__end_of__initialization 7F9C            ___rparam_used 000001    __size_of_EEPROM_Write 002C  
         __pcstackCOMRAM 0001             _EEPROM_Write 7FD4                  __Hparam 0000  
                __Lparam 0000                  __pcinit 7F9C                  __ramtop 0800  
                __ptext0 7FB2                  __ptext1 7FD4                  __ptext2 7FA2  
   end_of_initialization 7F9C            ??_EEPROM_Read 0001      __end_of_EEPROM_Read 7FB2  
    start_initialization 7F9C              _EEPROM_Read 7FA2               _EECON1bits 000FA6  
               __Hrparam 0000                 __Lrparam 0000            ?_EEPROM_Write 0001  
          __size_of_main 0022           ??_EEPROM_Write 0002             ?_EEPROM_Read 0001  
         EEPROM_Read@dir 0001  
